2020-07-08 05:04:53.789+0200 [AsyncResolver-bootstrap-executor-0] INFO  c.n.d.s.r.aws.ConfigClusterResolver - Resolving eureka endpoints via configuration 
2020-07-08 05:09:53.838+0200 [AsyncResolver-bootstrap-executor-0] INFO  c.n.d.s.r.aws.ConfigClusterResolver - Resolving eureka endpoints via configuration 
2020-07-08 05:14:53.841+0200 [AsyncResolver-bootstrap-executor-0] INFO  c.n.d.s.r.aws.ConfigClusterResolver - Resolving eureka endpoints via configuration 
2020-07-08 05:19:53.843+0200 [AsyncResolver-bootstrap-executor-0] INFO  c.n.d.s.r.aws.ConfigClusterResolver - Resolving eureka endpoints via configuration 
2020-07-08 05:24:53.845+0200 [AsyncResolver-bootstrap-executor-0] INFO  c.n.d.s.r.aws.ConfigClusterResolver - Resolving eureka endpoints via configuration 
2020-07-08 05:29:53.855+0200 [AsyncResolver-bootstrap-executor-0] INFO  c.n.d.s.r.aws.ConfigClusterResolver - Resolving eureka endpoints via configuration 
2020-07-08 05:34:53.857+0200 [AsyncResolver-bootstrap-executor-0] INFO  c.n.d.s.r.aws.ConfigClusterResolver - Resolving eureka endpoints via configuration 
2020-07-08 05:39:53.861+0200 [AsyncResolver-bootstrap-executor-0] INFO  c.n.d.s.r.aws.ConfigClusterResolver - Resolving eureka endpoints via configuration 
2020-07-08 05:44:53.868+0200 [AsyncResolver-bootstrap-executor-0] INFO  c.n.d.s.r.aws.ConfigClusterResolver - Resolving eureka endpoints via configuration 
2020-07-08 05:49:53.879+0200 [AsyncResolver-bootstrap-executor-0] INFO  c.n.d.s.r.aws.ConfigClusterResolver - Resolving eureka endpoints via configuration 
2020-07-08 05:54:54.85+0200 [AsyncResolver-bootstrap-executor-0] INFO  c.n.d.s.r.aws.ConfigClusterResolver - Resolving eureka endpoints via configuration 
2020-07-08 05:59:54.104+0200 [AsyncResolver-bootstrap-executor-0] INFO  c.n.d.s.r.aws.ConfigClusterResolver - Resolving eureka endpoints via configuration 
2020-07-08 06:46:15.648+0200 [main] INFO  com.microservices.ads.AdsApplication - No active profile set, falling back to default profiles: default 
2020-07-08 06:46:17.58+0200 [main] INFO  o.s.d.r.c.RepositoryConfigurationDelegate - Bootstrapping Spring Data JPA repositories in DEFERRED mode. 
2020-07-08 06:46:17.649+0200 [main] INFO  o.s.d.r.c.RepositoryConfigurationDelegate - Finished Spring Data repository scanning in 495ms. Found 15 JPA repository interfaces. 
2020-07-08 06:46:18.149+0200 [main] INFO  o.s.cloud.context.scope.GenericScope - BeanFactory id=94f905d8-992b-3ec5-8826-3249bc101825 
2020-07-08 06:46:18.254+0200 [main] INFO  o.s.c.s.PostProcessorRegistrationDelegate$BeanPostProcessorChecker - Bean 'com.microservices.ads.client.AuthClient' of type [org.springframework.cloud.openfeign.FeignClientFactoryBean] is not eligible for getting processed by all BeanPostProcessors (for example: not eligible for auto-proxying) 
2020-07-08 06:46:18.266+0200 [main] INFO  o.s.c.s.PostProcessorRegistrationDelegate$BeanPostProcessorChecker - Bean 'webServiceConfig' of type [com.microservices.ads.config.WebServiceConfig$$EnhancerBySpringCGLIB$$cc938ea] is not eligible for getting processed by all BeanPostProcessors (for example: not eligible for auto-proxying) 
2020-07-08 06:46:18.266+0200 [main] INFO  o.s.c.s.PostProcessorRegistrationDelegate$BeanPostProcessorChecker - Bean 'org.springframework.ws.config.annotation.DelegatingWsConfiguration' of type [org.springframework.ws.config.annotation.DelegatingWsConfiguration$$EnhancerBySpringCGLIB$$f2ef70c] is not eligible for getting processed by all BeanPostProcessors (for example: not eligible for auto-proxying) 
2020-07-08 06:46:18.327+0200 [main] INFO  o.s.w.s.a.s.AnnotationActionEndpointMapping - Supporting [WS-Addressing August 2004, WS-Addressing 1.0] 
2020-07-08 06:46:18.670+0200 [main] INFO  o.s.b.w.e.tomcat.TomcatWebServer - Tomcat initialized with port(s): 8098 (http) 
2020-07-08 06:46:18.678+0200 [main] INFO  o.a.coyote.http11.Http11NioProtocol - Initializing ProtocolHandler ["http-nio-8098"] 
2020-07-08 06:46:18.679+0200 [main] INFO  o.a.catalina.core.StandardService - Starting service [Tomcat] 
2020-07-08 06:46:18.679+0200 [main] INFO  o.a.catalina.core.StandardEngine - Starting Servlet engine: [Apache Tomcat/9.0.35] 
2020-07-08 06:46:18.874+0200 [main] INFO  o.a.c.c.C.[Tomcat].[localhost].[/] - Initializing Spring embedded WebApplicationContext 
2020-07-08 06:46:18.874+0200 [main] INFO  o.s.web.context.ContextLoader - Root WebApplicationContext: initialization completed in 3024 ms 
2020-07-08 06:46:19.131+0200 [main] INFO  o.s.s.c.ThreadPoolTaskExecutor - Initializing ExecutorService 'applicationTaskExecutor' 
2020-07-08 06:46:19.215+0200 [task-1] INFO  o.h.jpa.internal.util.LogHelper - HHH000204: Processing PersistenceUnitInfo [name: default] 
2020-07-08 06:46:19.330+0200 [main] WARN  o.s.b.a.o.j.JpaBaseConfiguration$JpaWebConfiguration - spring.jpa.open-in-view is enabled by default. Therefore, database queries may be performed during view rendering. Explicitly configure spring.jpa.open-in-view to disable this warning 
2020-07-08 06:46:19.414+0200 [task-1] INFO  org.hibernate.Version - HHH000412: Hibernate ORM core version 5.4.15.Final 
2020-07-08 06:46:19.649+0200 [task-1] INFO  o.h.annotations.common.Version - HCANN000001: Hibernate Commons Annotations {5.1.0.Final} 
2020-07-08 06:46:19.771+0200 [task-1] INFO  com.zaxxer.hikari.HikariDataSource - HikariPool-1 - Starting... 
2020-07-08 06:46:20.992+0200 [task-1] INFO  com.zaxxer.hikari.HikariDataSource - HikariPool-1 - Start completed. 
2020-07-08 06:46:21.36+0200 [task-1] INFO  org.hibernate.dialect.Dialect - HHH000400: Using dialect: org.hibernate.dialect.MySQL8Dialect 
2020-07-08 06:46:39.422+0200 [task-1] INFO  o.h.e.t.j.p.i.JtaPlatformInitiator - HHH000490: Using JtaPlatform implementation: [org.hibernate.engine.transaction.jta.platform.internal.NoJtaPlatform] 
2020-07-08 06:46:39.439+0200 [task-1] INFO  o.s.o.j.LocalContainerEntityManagerFactoryBean - Initialized JPA EntityManagerFactory for persistence unit 'default' 
2020-07-08 06:46:40.603+0200 [main] WARN  c.n.c.sources.URLConfigurationSource - No URLs will be polled as dynamic configuration sources. 
2020-07-08 06:46:40.604+0200 [main] INFO  c.n.c.sources.URLConfigurationSource - To enable URLs as dynamic configuration sources, define System property archaius.configurationSource.additionalUrls or make config.properties available on classpath. 
2020-07-08 06:46:40.610+0200 [main] WARN  c.n.c.sources.URLConfigurationSource - No URLs will be polled as dynamic configuration sources. 
2020-07-08 06:46:40.610+0200 [main] INFO  c.n.c.sources.URLConfigurationSource - To enable URLs as dynamic configuration sources, define System property archaius.configurationSource.additionalUrls or make config.properties available on classpath. 
2020-07-08 06:46:40.797+0200 [main] INFO  o.s.b.a.s.s.UserDetailsServiceAutoConfiguration - 

Using generated security password: 1688ba0c-36cf-4b97-ba4b-3a39e128aeb9
 
2020-07-08 06:46:41.35+0200 [main] INFO  o.s.s.web.DefaultSecurityFilterChain - Creating filter chain: any request, [org.springframework.security.web.context.request.async.WebAsyncManagerIntegrationFilter@35bfa1bb, org.springframework.security.web.context.SecurityContextPersistenceFilter@6b2dd3df, org.springframework.security.web.header.HeaderWriterFilter@7f42e06e, org.springframework.security.web.authentication.logout.LogoutFilter@11787b64, org.springframework.security.web.savedrequest.RequestCacheAwareFilter@73c48264, org.springframework.security.web.servletapi.SecurityContextHolderAwareRequestFilter@721d5b74, org.springframework.security.web.authentication.AnonymousAuthenticationFilter@6b321262, org.springframework.security.web.session.SessionManagementFilter@6b5ab2f2, org.springframework.security.web.access.ExceptionTranslationFilter@7e7743ec] 
2020-07-08 06:46:42.36+0200 [main] WARN  o.s.c.l.c.BlockingLoadBalancerClientAutoConfiguration$BlockingLoadBalancerClientRibbonWarnLogger - You already have RibbonLoadBalancerClient on your classpath. It will be used by default. As Spring Cloud Ribbon is in maintenance mode. We recommend switching to BlockingLoadBalancerClient instead. In order to use it, set the value of `spring.cloud.loadbalancer.ribbon.enabled` to `false` or remove spring-cloud-starter-netflix-ribbon from your project. 
2020-07-08 06:46:42.207+0200 [main] INFO  o.s.c.n.eureka.InstanceInfoFactory - Setting initial instance status as: STARTING 
2020-07-08 06:46:42.254+0200 [main] INFO  c.netflix.discovery.DiscoveryClient - Initializing Eureka in region us-east-1 
2020-07-08 06:46:42.339+0200 [main] INFO  c.n.d.p.DiscoveryJerseyProvider - Using JSON encoding codec LegacyJacksonJson 
2020-07-08 06:46:42.341+0200 [main] INFO  c.n.d.p.DiscoveryJerseyProvider - Using JSON decoding codec LegacyJacksonJson 
2020-07-08 06:46:42.648+0200 [main] INFO  c.n.d.p.DiscoveryJerseyProvider - Using XML encoding codec XStreamXml 
2020-07-08 06:46:42.648+0200 [main] INFO  c.n.d.p.DiscoveryJerseyProvider - Using XML decoding codec XStreamXml 
2020-07-08 06:46:42.844+0200 [main] INFO  c.n.d.s.r.aws.ConfigClusterResolver - Resolving eureka endpoints via configuration 
2020-07-08 06:46:43.29+0200 [main] INFO  c.netflix.discovery.DiscoveryClient - Disable delta property : false 
2020-07-08 06:46:43.29+0200 [main] INFO  c.netflix.discovery.DiscoveryClient - Single vip registry refresh property : null 
2020-07-08 06:46:43.30+0200 [main] INFO  c.netflix.discovery.DiscoveryClient - Force full registry fetch : false 
2020-07-08 06:46:43.30+0200 [main] INFO  c.netflix.discovery.DiscoveryClient - Application is null : false 
2020-07-08 06:46:43.30+0200 [main] INFO  c.netflix.discovery.DiscoveryClient - Registered Applications size is zero : true 
2020-07-08 06:46:43.30+0200 [main] INFO  c.netflix.discovery.DiscoveryClient - Application version is -1: true 
2020-07-08 06:46:43.31+0200 [main] INFO  c.netflix.discovery.DiscoveryClient - Getting all instance registry info from the eureka server 
2020-07-08 06:46:43.174+0200 [main] INFO  c.netflix.discovery.DiscoveryClient - The response status is 200 
2020-07-08 06:46:43.177+0200 [main] INFO  c.netflix.discovery.DiscoveryClient - Starting heartbeat executor: renew interval is: 30 
2020-07-08 06:46:43.178+0200 [main] INFO  c.n.discovery.InstanceInfoReplicator - InstanceInfoReplicator onDemand update allowed rate per min is 4 
2020-07-08 06:46:43.183+0200 [main] INFO  c.netflix.discovery.DiscoveryClient - Discovery Client initialized at timestamp 1594183603181 with initial instances count: 4 
2020-07-08 06:46:43.185+0200 [main] INFO  o.s.c.n.e.s.EurekaServiceRegistry - Registering application ADS with eureka with status UP 
2020-07-08 06:46:43.185+0200 [main] INFO  c.netflix.discovery.DiscoveryClient - Saw local status change event StatusChangeEvent [timestamp=1594183603185, current=UP, previous=STARTING] 
2020-07-08 06:46:43.187+0200 [DiscoveryClient-InstanceInfoReplicator-0] INFO  c.netflix.discovery.DiscoveryClient - DiscoveryClient_ADS/Sima:ads:8098: registering service... 
2020-07-08 06:46:43.187+0200 [main] INFO  o.a.coyote.http11.Http11NioProtocol - Starting ProtocolHandler ["http-nio-8098"] 
2020-07-08 06:46:43.220+0200 [main] INFO  o.s.b.w.e.tomcat.TomcatWebServer - Tomcat started on port(s): 8098 (http) with context path '' 
2020-07-08 06:46:43.221+0200 [main] INFO  o.s.c.n.e.s.EurekaAutoServiceRegistration - Updating port to 8098 
2020-07-08 06:46:43.232+0200 [DiscoveryClient-InstanceInfoReplicator-0] INFO  c.netflix.discovery.DiscoveryClient - DiscoveryClient_ADS/Sima:ads:8098 - registration status: 204 
2020-07-08 06:46:43.503+0200 [main] INFO  o.s.d.r.c.DeferredRepositoryInitializationListener - Triggering deferred initialization of Spring Data repositories… 
2020-07-08 06:46:43.808+0200 [main] INFO  o.s.d.r.c.DeferredRepositoryInitializationListener - Spring Data repositories initialized! 
2020-07-08 06:46:43.817+0200 [main] INFO  com.microservices.ads.AdsApplication - Started AdsApplication in 30.467 seconds (JVM running for 31.847) 
2020-07-08 06:49:17.411+0200 [http-nio-8098-exec-1] INFO  o.a.c.c.C.[Tomcat].[localhost].[/] - Initializing Spring DispatcherServlet 'dispatcherServlet' 
2020-07-08 06:49:17.411+0200 [http-nio-8098-exec-1] INFO  o.s.web.servlet.DispatcherServlet - Initializing Servlet 'dispatcherServlet' 
2020-07-08 06:49:17.418+0200 [http-nio-8098-exec-1] INFO  o.s.web.servlet.DispatcherServlet - Completed initialization in 7 ms 
2020-07-08 06:51:43.34+0200 [AsyncResolver-bootstrap-executor-0] INFO  c.n.d.s.r.aws.ConfigClusterResolver - Resolving eureka endpoints via configuration 
2020-07-08 06:53:58.778+0200 [http-nio-8098-exec-5] INFO  c.m.a.s.implementation.AdCarService - FAILURE Agent failed to create car. 
2020-07-08 06:56:43.37+0200 [AsyncResolver-bootstrap-executor-0] INFO  c.n.d.s.r.aws.ConfigClusterResolver - Resolving eureka endpoints via configuration 
2020-07-08 07:01:43.38+0200 [AsyncResolver-bootstrap-executor-0] INFO  c.n.d.s.r.aws.ConfigClusterResolver - Resolving eureka endpoints via configuration 
