2020-07-11 20:58:05.545+0200 [DiscoveryClient-CacheRefreshExecutor-0] WARN  c.n.d.s.t.d.RetryableEurekaHttpClient - Request execution failed with message: java.net.ConnectException: Connection refused: connect 
2020-07-11 21:02:54.961+0200 [main] INFO  c.m.search.SearchApplication - No active profile set, falling back to default profiles: default 
2020-07-11 21:03:10.117+0200 [main] INFO  o.s.d.r.c.RepositoryConfigurationDelegate - Bootstrapping Spring Data JPA repositories in DEFERRED mode. 
2020-07-11 21:03:12.02+0200 [main] INFO  o.s.d.r.c.RepositoryConfigurationDelegate - Finished Spring Data repository scanning in 1751ms. Found 6 JPA repository interfaces. 
2020-07-11 21:03:14.215+0200 [main] WARN  o.s.boot.actuate.endpoint.EndpointId - Endpoint ID 'service-registry' contains invalid characters, please migrate to a valid format. 
2020-07-11 21:03:15.396+0200 [main] INFO  o.s.cloud.context.scope.GenericScope - BeanFactory id=cdbbd290-2442-3449-b5e3-75ac93f9a19e 
2020-07-11 21:03:16.484+0200 [main] INFO  o.s.c.s.PostProcessorRegistrationDelegate$BeanPostProcessorChecker - Bean 'com.microservices.search.client.AdsClient' of type [org.springframework.cloud.openfeign.FeignClientFactoryBean] is not eligible for getting processed by all BeanPostProcessors (for example: not eligible for auto-proxying) 
2020-07-11 21:03:16.716+0200 [main] INFO  o.s.c.s.PostProcessorRegistrationDelegate$BeanPostProcessorChecker - Bean 'org.springframework.ws.config.annotation.DelegatingWsConfiguration' of type [org.springframework.ws.config.annotation.DelegatingWsConfiguration$$EnhancerBySpringCGLIB$$1ddd743] is not eligible for getting processed by all BeanPostProcessors (for example: not eligible for auto-proxying) 
2020-07-11 21:03:16.929+0200 [main] INFO  o.s.w.s.a.s.AnnotationActionEndpointMapping - Supporting [WS-Addressing August 2004, WS-Addressing 1.0] 
2020-07-11 21:03:20.123+0200 [main] INFO  o.s.b.w.e.tomcat.TomcatWebServer - Tomcat initialized with port(s): 8091 (http) 
2020-07-11 21:03:20.155+0200 [main] INFO  o.a.coyote.http11.Http11NioProtocol - Initializing ProtocolHandler ["http-nio-8091"] 
2020-07-11 21:03:20.157+0200 [main] INFO  o.a.catalina.core.StandardService - Starting service [Tomcat] 
2020-07-11 21:03:20.158+0200 [main] INFO  o.a.catalina.core.StandardEngine - Starting Servlet engine: [Apache Tomcat/9.0.35] 
2020-07-11 21:03:20.855+0200 [main] INFO  o.a.c.c.C.[Tomcat].[localhost].[/] - Initializing Spring embedded WebApplicationContext 
2020-07-11 21:03:20.856+0200 [main] INFO  o.s.web.context.ContextLoader - Root WebApplicationContext: initialization completed in 25798 ms 
2020-07-11 21:03:21.517+0200 [main] WARN  c.n.c.sources.URLConfigurationSource - No URLs will be polled as dynamic configuration sources. 
2020-07-11 21:03:21.572+0200 [main] INFO  c.n.c.sources.URLConfigurationSource - To enable URLs as dynamic configuration sources, define System property archaius.configurationSource.additionalUrls or make config.properties available on classpath. 
2020-07-11 21:03:21.691+0200 [main] INFO  c.n.config.DynamicPropertyFactory - DynamicPropertyFactory is initialized with configuration sources: com.netflix.config.ConcurrentCompositeConfiguration@16ac5d35 
2020-07-11 21:03:23.472+0200 [main] INFO  o.s.s.c.ThreadPoolTaskExecutor - Initializing ExecutorService 'applicationTaskExecutor' 
2020-07-11 21:03:23.968+0200 [main] WARN  o.s.b.a.o.j.JpaBaseConfiguration$JpaWebConfiguration - spring.jpa.open-in-view is enabled by default. Therefore, database queries may be performed during view rendering. Explicitly configure spring.jpa.open-in-view to disable this warning 
2020-07-11 21:03:23.971+0200 [task-1] INFO  o.h.jpa.internal.util.LogHelper - HHH000204: Processing PersistenceUnitInfo [name: default] 
2020-07-11 21:03:24.473+0200 [task-1] INFO  org.hibernate.Version - HHH000412: Hibernate ORM core version 5.4.15.Final 
2020-07-11 21:03:24.876+0200 [main] INFO  o.s.d.r.c.DeferredRepositoryInitializationListener - Triggering deferred initialization of Spring Data repositories… 
2020-07-11 21:03:25.548+0200 [task-1] INFO  o.h.annotations.common.Version - HCANN000001: Hibernate Commons Annotations {5.1.0.Final} 
2020-07-11 21:03:26.150+0200 [task-1] INFO  com.zaxxer.hikari.HikariDataSource - HikariPool-1 - Starting... 
2020-07-11 21:03:26.713+0200 [task-1] INFO  com.zaxxer.hikari.HikariDataSource - HikariPool-1 - Start completed. 
2020-07-11 21:03:26.903+0200 [task-1] INFO  org.hibernate.dialect.Dialect - HHH000400: Using dialect: org.hibernate.dialect.MySQL55Dialect 
2020-07-11 21:03:35.169+0200 [task-1] INFO  o.h.e.t.j.p.i.JtaPlatformInitiator - HHH000490: Using JtaPlatform implementation: [org.hibernate.engine.transaction.jta.platform.internal.NoJtaPlatform] 
2020-07-11 21:03:35.213+0200 [task-1] INFO  o.s.o.j.LocalContainerEntityManagerFactoryBean - Initialized JPA EntityManagerFactory for persistence unit 'default' 
2020-07-11 21:03:38.576+0200 [main] INFO  o.s.d.r.c.DeferredRepositoryInitializationListener - Spring Data repositories initialized! 
2020-07-11 21:03:40.232+0200 [main] WARN  c.n.c.sources.URLConfigurationSource - No URLs will be polled as dynamic configuration sources. 
2020-07-11 21:03:40.307+0200 [main] INFO  c.n.c.sources.URLConfigurationSource - To enable URLs as dynamic configuration sources, define System property archaius.configurationSource.additionalUrls or make config.properties available on classpath. 
2020-07-11 21:03:47.21+0200 [main] INFO  o.s.b.a.s.s.UserDetailsServiceAutoConfiguration - 

Using generated security password: 6df37d8d-ed34-45f8-a14a-be39a52dd083
 
2020-07-11 21:03:48.561+0200 [main] INFO  o.s.s.web.DefaultSecurityFilterChain - Creating filter chain: any request, [org.springframework.security.web.context.request.async.WebAsyncManagerIntegrationFilter@50ff7063, org.springframework.security.web.context.SecurityContextPersistenceFilter@30ffb2a6, org.springframework.security.web.header.HeaderWriterFilter@16ea0f22, org.springframework.security.web.authentication.logout.LogoutFilter@acb5508, org.springframework.security.web.savedrequest.RequestCacheAwareFilter@3d033453, org.springframework.security.web.servletapi.SecurityContextHolderAwareRequestFilter@5eeee124, org.springframework.security.web.authentication.AnonymousAuthenticationFilter@67a8bcbb, org.springframework.security.web.session.SessionManagementFilter@77b71c9, org.springframework.security.web.access.ExceptionTranslationFilter@6903ed0e] 
2020-07-11 21:03:52.751+0200 [main] WARN  o.s.c.l.c.BlockingLoadBalancerClientAutoConfiguration$BlockingLoadBalancerClientRibbonWarnLogger - You already have RibbonLoadBalancerClient on your classpath. It will be used by default. As Spring Cloud Ribbon is in maintenance mode. We recommend switching to BlockingLoadBalancerClient instead. In order to use it, set the value of `spring.cloud.loadbalancer.ribbon.enabled` to `false` or remove spring-cloud-starter-netflix-ribbon from your project. 
2020-07-11 21:03:53.542+0200 [main] INFO  o.s.b.a.e.web.EndpointLinksResolver - Exposing 2 endpoint(s) beneath base path '/actuator' 
2020-07-11 21:03:54.340+0200 [main] INFO  o.s.c.n.eureka.InstanceInfoFactory - Setting initial instance status as: STARTING 
2020-07-11 21:03:54.829+0200 [main] INFO  c.netflix.discovery.DiscoveryClient - Initializing Eureka in region us-east-1 
2020-07-11 21:03:59.93+0200 [main] INFO  c.n.d.p.DiscoveryJerseyProvider - Using JSON encoding codec LegacyJacksonJson 
2020-07-11 21:03:59.94+0200 [main] INFO  c.n.d.p.DiscoveryJerseyProvider - Using JSON decoding codec LegacyJacksonJson 
2020-07-11 21:04:00.608+0200 [main] INFO  c.n.d.p.DiscoveryJerseyProvider - Using XML encoding codec XStreamXml 
2020-07-11 21:04:00.610+0200 [main] INFO  c.n.d.p.DiscoveryJerseyProvider - Using XML decoding codec XStreamXml 
2020-07-11 21:04:03.760+0200 [main] INFO  c.n.d.s.r.aws.ConfigClusterResolver - Resolving eureka endpoints via configuration 
2020-07-11 21:04:05.526+0200 [main] INFO  c.netflix.discovery.DiscoveryClient - Disable delta property : false 
2020-07-11 21:04:05.535+0200 [main] INFO  c.netflix.discovery.DiscoveryClient - Single vip registry refresh property : null 
2020-07-11 21:04:05.538+0200 [main] INFO  c.netflix.discovery.DiscoveryClient - Force full registry fetch : false 
2020-07-11 21:04:05.538+0200 [main] INFO  c.netflix.discovery.DiscoveryClient - Application is null : false 
2020-07-11 21:04:05.569+0200 [main] INFO  c.netflix.discovery.DiscoveryClient - Registered Applications size is zero : true 
2020-07-11 21:04:05.570+0200 [main] INFO  c.netflix.discovery.DiscoveryClient - Application version is -1: true 
2020-07-11 21:04:05.577+0200 [main] INFO  c.netflix.discovery.DiscoveryClient - Getting all instance registry info from the eureka server 
2020-07-11 21:04:06.379+0200 [main] INFO  c.netflix.discovery.DiscoveryClient - The response status is 200 
2020-07-11 21:04:06.389+0200 [main] INFO  c.netflix.discovery.DiscoveryClient - Starting heartbeat executor: renew interval is: 30 
2020-07-11 21:04:06.394+0200 [main] INFO  c.n.discovery.InstanceInfoReplicator - InstanceInfoReplicator onDemand update allowed rate per min is 4 
2020-07-11 21:04:06.414+0200 [main] INFO  c.netflix.discovery.DiscoveryClient - Discovery Client initialized at timestamp 1594494246408 with initial instances count: 5 
2020-07-11 21:04:06.419+0200 [main] INFO  o.s.c.n.e.s.EurekaServiceRegistry - Registering application SEARCH with eureka with status UP 
2020-07-11 21:04:06.420+0200 [main] INFO  c.netflix.discovery.DiscoveryClient - Saw local status change event StatusChangeEvent [timestamp=1594494246420, current=UP, previous=STARTING] 
2020-07-11 21:04:06.428+0200 [DiscoveryClient-InstanceInfoReplicator-0] INFO  c.netflix.discovery.DiscoveryClient - DiscoveryClient_SEARCH/DESKTOP-VGPVP3J:search:8091: registering service... 
2020-07-11 21:04:06.452+0200 [main] INFO  o.a.coyote.http11.Http11NioProtocol - Starting ProtocolHandler ["http-nio-8091"] 
2020-07-11 21:04:06.612+0200 [DiscoveryClient-InstanceInfoReplicator-0] INFO  c.netflix.discovery.DiscoveryClient - DiscoveryClient_SEARCH/DESKTOP-VGPVP3J:search:8091 - registration status: 204 
2020-07-11 21:04:06.653+0200 [main] INFO  o.s.b.w.e.tomcat.TomcatWebServer - Tomcat started on port(s): 8091 (http) with context path '' 
2020-07-11 21:04:07.350+0200 [main] INFO  o.s.c.n.e.s.EurekaAutoServiceRegistration - Updating port to 8091 
2020-07-11 21:04:09.291+0200 [main] INFO  o.s.d.r.c.DeferredRepositoryInitializationListener - Triggering deferred initialization of Spring Data repositories… 
2020-07-11 21:04:09.303+0200 [main] INFO  o.s.d.r.c.DeferredRepositoryInitializationListener - Spring Data repositories initialized! 
2020-07-11 21:04:09.378+0200 [main] INFO  c.m.search.SearchApplication - Started SearchApplication in 89.82 seconds (JVM running for 96.74) 
2020-07-11 21:09:05.592+0200 [AsyncResolver-bootstrap-executor-0] INFO  c.n.d.s.r.aws.ConfigClusterResolver - Resolving eureka endpoints via configuration 
2020-07-11 21:14:05.634+0200 [AsyncResolver-bootstrap-executor-0] INFO  c.n.d.s.r.aws.ConfigClusterResolver - Resolving eureka endpoints via configuration 
2020-07-11 21:19:05.642+0200 [AsyncResolver-bootstrap-executor-0] INFO  c.n.d.s.r.aws.ConfigClusterResolver - Resolving eureka endpoints via configuration 
